[0.224s] DEBUG:colcon:Command line arguments: ['/usr/bin/colcon', 'build', '--packages-select', 'unit_8_services_custom_msgs']
[0.224s] DEBUG:colcon:Parsed command line arguments: Namespace(ament_cmake_args=None, base_paths=['.'], build_base='build', catkin_cmake_args=None, catkin_skip_building_tests=False, cmake_args=None, cmake_clean_cache=False, cmake_clean_first=False, cmake_force_configure=False, cmake_target=None, cmake_target_skip_unavailable=False, continue_on_error=False, event_handlers=None, executor='parallel', ignore_user_meta=False, install_base='install', log_base=None, log_level=None, main=<bound method BuildVerb.main of <colcon_core.verb.build.BuildVerb object at 0x7f8a5185b1c0>>, merge_install=False, metas=['./colcon.meta'], packages_above=None, packages_above_and_dependencies=None, packages_above_depth=None, packages_end=None, packages_ignore=None, packages_ignore_regex=None, packages_select=['unit_8_services_custom_msgs'], packages_select_build_failed=False, packages_select_by_dep=None, packages_select_regex=None, packages_select_test_failures=False, packages_skip=None, packages_skip_build_finished=False, packages_skip_by_dep=None, packages_skip_regex=None, packages_skip_test_passed=False, packages_skip_up_to=None, packages_start=None, packages_up_to=None, packages_up_to_regex=None, parallel_workers=8, paths=None, symlink_install=False, test_result_base=None, verb_extension=<colcon_core.verb.build.BuildVerb object at 0x7f8a5185b1c0>, verb_name='build', verb_parser=<colcon_defaults.argument_parser.defaults.DefaultArgumentsDecorator object at 0x7f8a5185b700>)
[0.232s] Level 1:colcon.colcon_core.package_discovery:discover_packages(colcon_meta) check parameters
[0.232s] Level 1:colcon.colcon_core.package_discovery:discover_packages(recursive) check parameters
[0.232s] Level 1:colcon.colcon_core.package_discovery:discover_packages(ignore) check parameters
[0.232s] Level 1:colcon.colcon_core.package_discovery:discover_packages(path) check parameters
[0.232s] Level 1:colcon.colcon_core.package_discovery:discover_packages(colcon_meta) discover
[0.232s] Level 1:colcon.colcon_core.package_discovery:discover_packages(recursive) discover
[0.232s] INFO:colcon.colcon_core.package_discovery:Crawling recursively for packages in '/home/user/ros2_ws/src/unit_8_services_custom_msgs'
[0.233s] Level 1:colcon.colcon_core.package_identification:_identify(.) by extensions ['ignore', 'ignore_ament_install']
[0.233s] Level 1:colcon.colcon_core.package_identification:_identify(.) by extension 'ignore'
[0.233s] Level 1:colcon.colcon_core.package_identification:_identify(.) by extension 'ignore_ament_install'
[0.233s] Level 1:colcon.colcon_core.package_identification:_identify(.) by extensions ['colcon_pkg']
[0.233s] Level 1:colcon.colcon_core.package_identification:_identify(.) by extension 'colcon_pkg'
[0.233s] Level 1:colcon.colcon_core.package_identification:_identify(.) by extensions ['colcon_meta']
[0.233s] Level 1:colcon.colcon_core.package_identification:_identify(.) by extension 'colcon_meta'
[0.233s] Level 1:colcon.colcon_core.package_identification:_identify(.) by extensions ['ros']
[0.234s] Level 1:colcon.colcon_core.package_identification:_identify(.) by extension 'ros'
[0.252s] DEBUG:colcon.colcon_core.package_identification:Package '.' with type 'ros.ament_cmake' and name 'unit_8_services_custom_msgs'
[0.252s] Level 1:colcon.colcon_core.package_discovery:discover_packages(recursive) using defaults
[0.253s] Level 1:colcon.colcon_core.package_discovery:discover_packages(ignore) discover
[0.253s] Level 1:colcon.colcon_core.package_discovery:discover_packages(ignore) using defaults
[0.253s] Level 1:colcon.colcon_core.package_discovery:discover_packages(path) discover
[0.253s] Level 1:colcon.colcon_core.package_discovery:discover_packages(path) using defaults
[0.279s] Level 5:colcon.colcon_core.verb:set package 'unit_8_services_custom_msgs' build argument 'cmake_args' from command line to 'None'
[0.279s] Level 5:colcon.colcon_core.verb:set package 'unit_8_services_custom_msgs' build argument 'cmake_target' from command line to 'None'
[0.279s] Level 5:colcon.colcon_core.verb:set package 'unit_8_services_custom_msgs' build argument 'cmake_target_skip_unavailable' from command line to 'False'
[0.279s] Level 5:colcon.colcon_core.verb:set package 'unit_8_services_custom_msgs' build argument 'cmake_clean_cache' from command line to 'False'
[0.279s] Level 5:colcon.colcon_core.verb:set package 'unit_8_services_custom_msgs' build argument 'cmake_clean_first' from command line to 'False'
[0.279s] Level 5:colcon.colcon_core.verb:set package 'unit_8_services_custom_msgs' build argument 'cmake_force_configure' from command line to 'False'
[0.279s] Level 5:colcon.colcon_core.verb:set package 'unit_8_services_custom_msgs' build argument 'ament_cmake_args' from command line to 'None'
[0.279s] Level 5:colcon.colcon_core.verb:set package 'unit_8_services_custom_msgs' build argument 'catkin_cmake_args' from command line to 'None'
[0.279s] Level 5:colcon.colcon_core.verb:set package 'unit_8_services_custom_msgs' build argument 'catkin_skip_building_tests' from command line to 'False'
[0.280s] DEBUG:colcon.colcon_core.verb:Building package 'unit_8_services_custom_msgs' with the following arguments: {'ament_cmake_args': None, 'build_base': '/home/user/ros2_ws/src/unit_8_services_custom_msgs/build/unit_8_services_custom_msgs', 'catkin_cmake_args': None, 'catkin_skip_building_tests': False, 'cmake_args': None, 'cmake_clean_cache': False, 'cmake_clean_first': False, 'cmake_force_configure': False, 'cmake_target': None, 'cmake_target_skip_unavailable': False, 'install_base': '/home/user/ros2_ws/src/unit_8_services_custom_msgs/install/unit_8_services_custom_msgs', 'merge_install': False, 'path': '/home/user/ros2_ws/src/unit_8_services_custom_msgs', 'symlink_install': False, 'test_result_base': None}
[0.280s] INFO:colcon.colcon_core.executor:Executing jobs using 'parallel' executor
[0.283s] DEBUG:colcon.colcon_parallel_executor.executor.parallel:run_until_complete
[0.283s] INFO:colcon.colcon_ros.task.ament_cmake.build:Building ROS package in '/home/user/ros2_ws/src/unit_8_services_custom_msgs' with build type 'ament_cmake'
[0.284s] INFO:colcon.colcon_cmake.task.cmake.build:Building CMake package in '/home/user/ros2_ws/src/unit_8_services_custom_msgs'
[0.289s] INFO:colcon.colcon_core.plugin_system:Skipping extension 'colcon_core.shell.bat': Not used on non-Windows systems
[0.289s] INFO:colcon.colcon_core.shell:Skip shell extension 'powershell' for command environment: Not usable outside of PowerShell
[0.289s] DEBUG:colcon.colcon_core.shell:Skip shell extension 'dsv' for command environment
[0.294s] DEBUG:colcon.colcon_core.shell:Ignoring prefix path '/opt/ros/foxy'
[0.294s] DEBUG:colcon.colcon_core.shell:Ignoring prefix path '/home/user/catkin_ws/devel'
[0.294s] DEBUG:colcon.colcon_core.shell:Ignoring prefix path '/home/simulations/public_sim_ws/devel'
[0.294s] DEBUG:colcon.colcon_core.shell:Ignoring prefix path '/opt/ros/noetic'
[0.308s] DEBUG:colcon.colcon_core.event_handler.log_command:Invoking command in '/home/user/ros2_ws/src/unit_8_services_custom_msgs/build/unit_8_services_custom_msgs': CMAKE_PREFIX_PATH=/home/user/ros2_ws/install/topic_subscriber_pkg:/home/user/ros2_ws/install/topic_publisher_pkg:/home/user/ros2_ws/install/my_package:/home/user/ros2_ws/install/my_components:/home/user/ros2_ws/install/move_robot:/home/user/ros2_ws/install/cpp_unit_7_services:/home/user/ros2_ws/install/bb8:/home/user/ros2_ws/install/Mini_Project_1:/home/simulations/ros2_sims_ws/install/ros1_bridge:/opt/ros/foxy:/home/user/catkin_ws/devel:/home/simulations/public_sim_ws/devel:/opt/ros/noetic _=/usr/bin/env /usr/bin/cmake /home/user/ros2_ws/src/unit_8_services_custom_msgs -DCMAKE_INSTALL_PREFIX=/home/user/ros2_ws/src/unit_8_services_custom_msgs/install/unit_8_services_custom_msgs
[3.481s] DEBUG:colcon.colcon_core.event_handler.log_command:Invoked command in '/home/user/ros2_ws/src/unit_8_services_custom_msgs/build/unit_8_services_custom_msgs' returned '0': CMAKE_PREFIX_PATH=/home/user/ros2_ws/install/topic_subscriber_pkg:/home/user/ros2_ws/install/topic_publisher_pkg:/home/user/ros2_ws/install/my_package:/home/user/ros2_ws/install/my_components:/home/user/ros2_ws/install/move_robot:/home/user/ros2_ws/install/cpp_unit_7_services:/home/user/ros2_ws/install/bb8:/home/user/ros2_ws/install/Mini_Project_1:/home/simulations/ros2_sims_ws/install/ros1_bridge:/opt/ros/foxy:/home/user/catkin_ws/devel:/home/simulations/public_sim_ws/devel:/opt/ros/noetic _=/usr/bin/env /usr/bin/cmake /home/user/ros2_ws/src/unit_8_services_custom_msgs -DCMAKE_INSTALL_PREFIX=/home/user/ros2_ws/src/unit_8_services_custom_msgs/install/unit_8_services_custom_msgs
[3.486s] DEBUG:colcon.colcon_core.event_handler.log_command:Invoking command in '/home/user/ros2_ws/src/unit_8_services_custom_msgs/build/unit_8_services_custom_msgs': CMAKE_PREFIX_PATH=/home/user/ros2_ws/install/topic_subscriber_pkg:/home/user/ros2_ws/install/topic_publisher_pkg:/home/user/ros2_ws/install/my_package:/home/user/ros2_ws/install/my_components:/home/user/ros2_ws/install/move_robot:/home/user/ros2_ws/install/cpp_unit_7_services:/home/user/ros2_ws/install/bb8:/home/user/ros2_ws/install/Mini_Project_1:/home/simulations/ros2_sims_ws/install/ros1_bridge:/opt/ros/foxy:/home/user/catkin_ws/devel:/home/simulations/public_sim_ws/devel:/opt/ros/noetic _=/usr/bin/env /usr/bin/cmake --build /home/user/ros2_ws/src/unit_8_services_custom_msgs/build/unit_8_services_custom_msgs -- -j8 -l8
[9.626s] DEBUG:colcon.colcon_core.event_handler.log_command:Invoked command in '/home/user/ros2_ws/src/unit_8_services_custom_msgs/build/unit_8_services_custom_msgs' returned '0': CMAKE_PREFIX_PATH=/home/user/ros2_ws/install/topic_subscriber_pkg:/home/user/ros2_ws/install/topic_publisher_pkg:/home/user/ros2_ws/install/my_package:/home/user/ros2_ws/install/my_components:/home/user/ros2_ws/install/move_robot:/home/user/ros2_ws/install/cpp_unit_7_services:/home/user/ros2_ws/install/bb8:/home/user/ros2_ws/install/Mini_Project_1:/home/simulations/ros2_sims_ws/install/ros1_bridge:/opt/ros/foxy:/home/user/catkin_ws/devel:/home/simulations/public_sim_ws/devel:/opt/ros/noetic _=/usr/bin/env /usr/bin/cmake --build /home/user/ros2_ws/src/unit_8_services_custom_msgs/build/unit_8_services_custom_msgs -- -j8 -l8
[9.775s] DEBUG:colcon.colcon_core.event_handler.log_command:Invoking command in '/home/user/ros2_ws/src/unit_8_services_custom_msgs/build/unit_8_services_custom_msgs': CMAKE_PREFIX_PATH=/home/user/ros2_ws/install/topic_subscriber_pkg:/home/user/ros2_ws/install/topic_publisher_pkg:/home/user/ros2_ws/install/my_package:/home/user/ros2_ws/install/my_components:/home/user/ros2_ws/install/move_robot:/home/user/ros2_ws/install/cpp_unit_7_services:/home/user/ros2_ws/install/bb8:/home/user/ros2_ws/install/Mini_Project_1:/home/simulations/ros2_sims_ws/install/ros1_bridge:/opt/ros/foxy:/home/user/catkin_ws/devel:/home/simulations/public_sim_ws/devel:/opt/ros/noetic _=/usr/bin/env /usr/bin/cmake --install /home/user/ros2_ws/src/unit_8_services_custom_msgs/build/unit_8_services_custom_msgs
[9.873s] Level 1:colcon.colcon_core.environment:create_environment_scripts_only(unit_8_services_custom_msgs)
[9.875s] DEBUG:colcon.colcon_core.event_handler.log_command:Invoked command in '/home/user/ros2_ws/src/unit_8_services_custom_msgs/build/unit_8_services_custom_msgs' returned '0': CMAKE_PREFIX_PATH=/home/user/ros2_ws/install/topic_subscriber_pkg:/home/user/ros2_ws/install/topic_publisher_pkg:/home/user/ros2_ws/install/my_package:/home/user/ros2_ws/install/my_components:/home/user/ros2_ws/install/move_robot:/home/user/ros2_ws/install/cpp_unit_7_services:/home/user/ros2_ws/install/bb8:/home/user/ros2_ws/install/Mini_Project_1:/home/simulations/ros2_sims_ws/install/ros1_bridge:/opt/ros/foxy:/home/user/catkin_ws/devel:/home/simulations/public_sim_ws/devel:/opt/ros/noetic _=/usr/bin/env /usr/bin/cmake --install /home/user/ros2_ws/src/unit_8_services_custom_msgs/build/unit_8_services_custom_msgs
[9.881s] Level 1:colcon.colcon_core.environment:checking '/home/user/ros2_ws/src/unit_8_services_custom_msgs/install/unit_8_services_custom_msgs' for CMake module files
[9.882s] Level 1:colcon.colcon_core.environment:checking '/home/user/ros2_ws/src/unit_8_services_custom_msgs/install/unit_8_services_custom_msgs' for CMake config files
[9.883s] Level 1:colcon.colcon_core.shell:create_environment_hook('unit_8_services_custom_msgs', 'cmake_prefix_path')
[9.883s] INFO:colcon.colcon_core.shell:Creating environment hook '/home/user/ros2_ws/src/unit_8_services_custom_msgs/install/unit_8_services_custom_msgs/share/unit_8_services_custom_msgs/hook/cmake_prefix_path.ps1'
[9.884s] INFO:colcon.colcon_core.shell:Creating environment descriptor '/home/user/ros2_ws/src/unit_8_services_custom_msgs/install/unit_8_services_custom_msgs/share/unit_8_services_custom_msgs/hook/cmake_prefix_path.dsv'
[9.885s] INFO:colcon.colcon_core.shell:Creating environment hook '/home/user/ros2_ws/src/unit_8_services_custom_msgs/install/unit_8_services_custom_msgs/share/unit_8_services_custom_msgs/hook/cmake_prefix_path.sh'
[9.886s] Level 1:colcon.colcon_core.environment:checking '/home/user/ros2_ws/src/unit_8_services_custom_msgs/install/unit_8_services_custom_msgs/lib'
[9.886s] Level 1:colcon.colcon_core.shell:create_environment_hook('unit_8_services_custom_msgs', 'ld_library_path_lib')
[9.887s] INFO:colcon.colcon_core.shell:Creating environment hook '/home/user/ros2_ws/src/unit_8_services_custom_msgs/install/unit_8_services_custom_msgs/share/unit_8_services_custom_msgs/hook/ld_library_path_lib.ps1'
[9.888s] INFO:colcon.colcon_core.shell:Creating environment descriptor '/home/user/ros2_ws/src/unit_8_services_custom_msgs/install/unit_8_services_custom_msgs/share/unit_8_services_custom_msgs/hook/ld_library_path_lib.dsv'
[9.888s] INFO:colcon.colcon_core.shell:Creating environment hook '/home/user/ros2_ws/src/unit_8_services_custom_msgs/install/unit_8_services_custom_msgs/share/unit_8_services_custom_msgs/hook/ld_library_path_lib.sh'
[9.889s] Level 1:colcon.colcon_core.environment:checking '/home/user/ros2_ws/src/unit_8_services_custom_msgs/install/unit_8_services_custom_msgs/bin'
[9.889s] Level 1:colcon.colcon_core.environment:checking '/home/user/ros2_ws/src/unit_8_services_custom_msgs/install/unit_8_services_custom_msgs/lib/pkgconfig/unit_8_services_custom_msgs.pc'
[9.889s] Level 1:colcon.colcon_core.environment:checking '/home/user/ros2_ws/src/unit_8_services_custom_msgs/install/unit_8_services_custom_msgs/lib/python3.8/site-packages'
[9.889s] Level 1:colcon.colcon_core.shell:create_environment_hook('unit_8_services_custom_msgs', 'pythonpath')
[9.890s] INFO:colcon.colcon_core.shell:Creating environment hook '/home/user/ros2_ws/src/unit_8_services_custom_msgs/install/unit_8_services_custom_msgs/share/unit_8_services_custom_msgs/hook/pythonpath.ps1'
[9.890s] INFO:colcon.colcon_core.shell:Creating environment descriptor '/home/user/ros2_ws/src/unit_8_services_custom_msgs/install/unit_8_services_custom_msgs/share/unit_8_services_custom_msgs/hook/pythonpath.dsv'
[9.891s] INFO:colcon.colcon_core.shell:Creating environment hook '/home/user/ros2_ws/src/unit_8_services_custom_msgs/install/unit_8_services_custom_msgs/share/unit_8_services_custom_msgs/hook/pythonpath.sh'
[9.892s] INFO:colcon.colcon_core.shell:Creating package script '/home/user/ros2_ws/src/unit_8_services_custom_msgs/install/unit_8_services_custom_msgs/share/unit_8_services_custom_msgs/package.ps1'
[9.893s] INFO:colcon.colcon_core.shell:Creating package descriptor '/home/user/ros2_ws/src/unit_8_services_custom_msgs/install/unit_8_services_custom_msgs/share/unit_8_services_custom_msgs/package.dsv'
[9.894s] INFO:colcon.colcon_core.shell:Creating package script '/home/user/ros2_ws/src/unit_8_services_custom_msgs/install/unit_8_services_custom_msgs/share/unit_8_services_custom_msgs/package.sh'
[9.895s] INFO:colcon.colcon_core.shell:Creating package script '/home/user/ros2_ws/src/unit_8_services_custom_msgs/install/unit_8_services_custom_msgs/share/unit_8_services_custom_msgs/package.bash'
[9.896s] INFO:colcon.colcon_core.shell:Creating package script '/home/user/ros2_ws/src/unit_8_services_custom_msgs/install/unit_8_services_custom_msgs/share/unit_8_services_custom_msgs/package.zsh'
[9.897s] Level 1:colcon.colcon_core.environment:create_file_with_runtime_dependencies(/home/user/ros2_ws/src/unit_8_services_custom_msgs/install/unit_8_services_custom_msgs/share/colcon-core/packages/unit_8_services_custom_msgs)
[10.026s] Level 1:colcon.colcon_core.environment:create_environment_scripts_only(unit_8_services_custom_msgs)
[10.027s] Level 1:colcon.colcon_core.environment:checking '/home/user/ros2_ws/src/unit_8_services_custom_msgs/install/unit_8_services_custom_msgs' for CMake module files
[10.028s] Level 1:colcon.colcon_core.environment:checking '/home/user/ros2_ws/src/unit_8_services_custom_msgs/install/unit_8_services_custom_msgs' for CMake config files
[10.029s] Level 1:colcon.colcon_core.shell:create_environment_hook('unit_8_services_custom_msgs', 'cmake_prefix_path')
[10.030s] INFO:colcon.colcon_core.shell:Creating environment hook '/home/user/ros2_ws/src/unit_8_services_custom_msgs/install/unit_8_services_custom_msgs/share/unit_8_services_custom_msgs/hook/cmake_prefix_path.ps1'
[10.030s] INFO:colcon.colcon_core.shell:Creating environment descriptor '/home/user/ros2_ws/src/unit_8_services_custom_msgs/install/unit_8_services_custom_msgs/share/unit_8_services_custom_msgs/hook/cmake_prefix_path.dsv'
[10.031s] INFO:colcon.colcon_core.shell:Creating environment hook '/home/user/ros2_ws/src/unit_8_services_custom_msgs/install/unit_8_services_custom_msgs/share/unit_8_services_custom_msgs/hook/cmake_prefix_path.sh'
[10.032s] Level 1:colcon.colcon_core.environment:checking '/home/user/ros2_ws/src/unit_8_services_custom_msgs/install/unit_8_services_custom_msgs/lib'
[10.032s] Level 1:colcon.colcon_core.shell:create_environment_hook('unit_8_services_custom_msgs', 'ld_library_path_lib')
[10.033s] INFO:colcon.colcon_core.shell:Creating environment hook '/home/user/ros2_ws/src/unit_8_services_custom_msgs/install/unit_8_services_custom_msgs/share/unit_8_services_custom_msgs/hook/ld_library_path_lib.ps1'
[10.033s] INFO:colcon.colcon_core.shell:Creating environment descriptor '/home/user/ros2_ws/src/unit_8_services_custom_msgs/install/unit_8_services_custom_msgs/share/unit_8_services_custom_msgs/hook/ld_library_path_lib.dsv'
[10.034s] INFO:colcon.colcon_core.shell:Creating environment hook '/home/user/ros2_ws/src/unit_8_services_custom_msgs/install/unit_8_services_custom_msgs/share/unit_8_services_custom_msgs/hook/ld_library_path_lib.sh'
[10.034s] Level 1:colcon.colcon_core.environment:checking '/home/user/ros2_ws/src/unit_8_services_custom_msgs/install/unit_8_services_custom_msgs/bin'
[10.034s] Level 1:colcon.colcon_core.environment:checking '/home/user/ros2_ws/src/unit_8_services_custom_msgs/install/unit_8_services_custom_msgs/lib/pkgconfig/unit_8_services_custom_msgs.pc'
[10.034s] Level 1:colcon.colcon_core.environment:checking '/home/user/ros2_ws/src/unit_8_services_custom_msgs/install/unit_8_services_custom_msgs/lib/python3.8/site-packages'
[10.035s] Level 1:colcon.colcon_core.shell:create_environment_hook('unit_8_services_custom_msgs', 'pythonpath')
[10.036s] INFO:colcon.colcon_core.shell:Creating environment hook '/home/user/ros2_ws/src/unit_8_services_custom_msgs/install/unit_8_services_custom_msgs/share/unit_8_services_custom_msgs/hook/pythonpath.ps1'
[10.036s] INFO:colcon.colcon_core.shell:Creating environment descriptor '/home/user/ros2_ws/src/unit_8_services_custom_msgs/install/unit_8_services_custom_msgs/share/unit_8_services_custom_msgs/hook/pythonpath.dsv'
[10.037s] INFO:colcon.colcon_core.shell:Creating environment hook '/home/user/ros2_ws/src/unit_8_services_custom_msgs/install/unit_8_services_custom_msgs/share/unit_8_services_custom_msgs/hook/pythonpath.sh'
[10.038s] INFO:colcon.colcon_core.shell:Creating package script '/home/user/ros2_ws/src/unit_8_services_custom_msgs/install/unit_8_services_custom_msgs/share/unit_8_services_custom_msgs/package.ps1'
[10.039s] INFO:colcon.colcon_core.shell:Creating package descriptor '/home/user/ros2_ws/src/unit_8_services_custom_msgs/install/unit_8_services_custom_msgs/share/unit_8_services_custom_msgs/package.dsv'
[10.040s] INFO:colcon.colcon_core.shell:Creating package script '/home/user/ros2_ws/src/unit_8_services_custom_msgs/install/unit_8_services_custom_msgs/share/unit_8_services_custom_msgs/package.sh'
[10.040s] INFO:colcon.colcon_core.shell:Creating package script '/home/user/ros2_ws/src/unit_8_services_custom_msgs/install/unit_8_services_custom_msgs/share/unit_8_services_custom_msgs/package.bash'
[10.041s] INFO:colcon.colcon_core.shell:Creating package script '/home/user/ros2_ws/src/unit_8_services_custom_msgs/install/unit_8_services_custom_msgs/share/unit_8_services_custom_msgs/package.zsh'
[10.042s] Level 1:colcon.colcon_core.environment:create_file_with_runtime_dependencies(/home/user/ros2_ws/src/unit_8_services_custom_msgs/install/unit_8_services_custom_msgs/share/colcon-core/packages/unit_8_services_custom_msgs)
[10.042s] DEBUG:colcon.colcon_parallel_executor.executor.parallel:closing loop
[10.043s] DEBUG:colcon.colcon_parallel_executor.executor.parallel:loop closed
[10.043s] DEBUG:colcon.colcon_parallel_executor.executor.parallel:run_until_complete finished with '0'
[10.043s] DEBUG:colcon.colcon_core.event_reactor:joining thread
[10.051s] INFO:colcon.colcon_core.plugin_system:Skipping extension 'colcon_notification.desktop_notification.notify_send': Could not find 'notify-send'
[10.052s] INFO:colcon.colcon_core.plugin_system:Skipping extension 'colcon_notification.desktop_notification.terminal_notifier': Not used on non-Darwin systems
[10.052s] INFO:colcon.colcon_core.plugin_system:Skipping extension 'colcon_notification.desktop_notification.win32': Not used on non-Windows systems
[10.052s] INFO:colcon.colcon_notification.desktop_notification:Sending desktop notification using 'notify2'
[10.058s] DEBUG:colcon.colcon_notification.desktop_notification.notify2:Failed to initialize notify2: org.freedesktop.DBus.Error.ServiceUnknown: The name org.freedesktop.Notifications was not provided by any .service files
[10.059s] DEBUG:colcon.colcon_core.event_reactor:joined thread
[10.060s] INFO:colcon.colcon_core.shell:Creating prefix script '/home/user/ros2_ws/src/unit_8_services_custom_msgs/install/local_setup.ps1'
[10.061s] INFO:colcon.colcon_core.shell:Creating prefix util module '/home/user/ros2_ws/src/unit_8_services_custom_msgs/install/_local_setup_util_ps1.py'
[10.063s] INFO:colcon.colcon_core.shell:Creating prefix chain script '/home/user/ros2_ws/src/unit_8_services_custom_msgs/install/setup.ps1'
[10.067s] INFO:colcon.colcon_core.shell:Creating prefix script '/home/user/ros2_ws/src/unit_8_services_custom_msgs/install/local_setup.sh'
[10.067s] INFO:colcon.colcon_core.shell:Creating prefix util module '/home/user/ros2_ws/src/unit_8_services_custom_msgs/install/_local_setup_util_sh.py'
[10.068s] INFO:colcon.colcon_core.shell:Creating prefix chain script '/home/user/ros2_ws/src/unit_8_services_custom_msgs/install/setup.sh'
[10.071s] INFO:colcon.colcon_core.shell:Creating prefix script '/home/user/ros2_ws/src/unit_8_services_custom_msgs/install/local_setup.bash'
[10.072s] INFO:colcon.colcon_core.shell:Creating prefix chain script '/home/user/ros2_ws/src/unit_8_services_custom_msgs/install/setup.bash'
[10.075s] INFO:colcon.colcon_core.shell:Creating prefix script '/home/user/ros2_ws/src/unit_8_services_custom_msgs/install/local_setup.zsh'
[10.076s] INFO:colcon.colcon_core.shell:Creating prefix chain script '/home/user/ros2_ws/src/unit_8_services_custom_msgs/install/setup.zsh'
